<?xml version="1.0" encoding="UTF-8"?>
<!-- Generated by org.testng.reporters.JUnitXMLReporter -->
<testsuite hostname="Liutas-LP" ignored="0" name="Default test" tests="5" failures="0" timestamp="08 Vas 2019 06:53:41 GMT" time="96.188" errors="0">
  <testcase name="shouldBeAbleToLoginToFacebook" time="20.984" classname="sposterTest.Post"/>
  <testcase name="shouldBeAbleToPostToFacebook" time="36.163" classname="sposterTest.Post"/>
  <testcase name="checkOnFacebookIfThePostPosted" time="16.148" classname="sposterTest.Post"/>
  <testcase name="shouldBeAbleToDeleteTheSamePost" time="5.053" classname="sposterTest.Post"/>
  <testcase name="NF_shouldNotBeAbleToCreatePost_WithOutCampaign" time="12.09" classname="sposterTest.Post"/>
</testsuite> <!-- Default test -->
