<?xml version="1.0" encoding="UTF-8"?>
<!-- Generated by org.testng.reporters.JUnitXMLReporter -->
<testsuite hostname="Liutas-LP" ignored="1" name="testngTest" tests="13" failures="0" timestamp="08 Vas 2019 08:29:36 GMT" time="136.031" errors="0">
  <testcase name="NF_ShouldFailLogin_BadPassword_WithACeckMark" time="5.158" classname="sposterTest.Login"/>
  <testcase name="NF_ShouldFailLogin_BadPassword_WithOutACeckMark" time="2.483" classname="sposterTest.Login"/>
  <testcase name="NF_ShouldFailLogin_BadUsername_WithACeckMark" time="2.723" classname="sposterTest.Login"/>
  <testcase name="NF_ShouldFailLogin_BadUsername_WithOutACeckMark" time="2.485" classname="sposterTest.Login"/>
  <testcase name="NF_ShouldFailLogin_EmptyUserFields_WithACheckMark" time="1.715" classname="sposterTest.Login"/>
  <testcase name="NF_ShouldFailLogin_EmptyUserFields_WithOutACeckMark" time="1.302" classname="sposterTest.Login"/>
  <testcase name="shouldLogin_WithACeckMark" time="7.243" classname="sposterTest.Login"/>
  <testcase name="shouldLogin_WithOutACeckMark" time="5.703" classname="sposterTest.Login"/>
  <testcase name="shouldBeAbleToLoginToFacebook" time="10.404" classname="sposterTest.Post"/>
  <testcase name="shouldBeAbleToPostToFacebook" time="63.121" classname="sposterTest.Post"/>
  <testcase name="checkOnFacebookIfThePostPosted" time="11.305" classname="sposterTest.Post"/>
  <testcase name="shouldBeAbleToDeleteTheSamePost" time="3.352" classname="sposterTest.Post"/>
  <testcase name="NF_shouldNotBeAbleToCreatePost_WithOutCampaign" time="10.647" classname="sposterTest.Post"/>
  <testcase name="should_AddSomethingToCalendar" time="0.0" classname="sposterTest.Calendar">
    <ignored/>
  </testcase> <!-- should_AddSomethingToCalendar -->
</testsuite> <!-- testngTest -->
