<?xml version="1.0" encoding="UTF-8"?>
<testng-results skipped="0" failed="0" ignored="0" total="2" passed="2">
  <reporter-output>
  </reporter-output>
  <suite name="Default suite" duration-ms="8034" started-at="2019-06-26T11:44:23Z" finished-at="2019-06-26T11:44:31Z">
    <groups>
    </groups>
    <test name="Default test" duration-ms="8034" started-at="2019-06-26T11:44:23Z" finished-at="2019-06-26T11:44:31Z">
      <class name="tests.BandomasisUzd2">
        <test-method status="PASS" signature="beforeClass()[pri:0, instance:tests.BandomasisUzd2@3aeaafa6]" name="beforeClass" is-config="true" duration-ms="6624" started-at="2019-06-26T11:44:23Z" finished-at="2019-06-26T11:44:30Z">
          <reporter-output>
          </reporter-output>
        </test-method> <!-- beforeClass -->
        <test-method status="PASS" signature="openAboutUs()[pri:1, instance:tests.BandomasisUzd2@3aeaafa6]" name="openAboutUs" duration-ms="158" started-at="2019-06-26T11:44:30Z" finished-at="2019-06-26T11:44:30Z">
          <reporter-output>
          </reporter-output>
        </test-method> <!-- openAboutUs -->
        <test-method status="PASS" signature="forceFailSearchInput()[pri:2, instance:tests.BandomasisUzd2@3aeaafa6]" name="forceFailSearchInput" duration-ms="1203" started-at="2019-06-26T11:44:30Z" finished-at="2019-06-26T11:44:31Z">
          <reporter-output>
          </reporter-output>
        </test-method> <!-- forceFailSearchInput -->
        <test-method status="PASS" signature="afterClass()[pri:0, instance:tests.BandomasisUzd2@3aeaafa6]" name="afterClass" is-config="true" duration-ms="1" started-at="2019-06-26T11:44:31Z" finished-at="2019-06-26T11:44:31Z">
          <reporter-output>
          </reporter-output>
        </test-method> <!-- afterClass -->
      </class> <!-- tests.BandomasisUzd2 -->
    </test> <!-- Default test -->
  </suite> <!-- Default suite -->
</testng-results>
