<?xml version="1.0" encoding="UTF-8"?>
<!-- Generated by org.testng.reporters.JUnitXMLReporter -->
<testsuite hostname="Liutas-LP" ignored="11" name="testngTest" tests="3" failures="0" timestamp="04 Vas 2019 16:03:17 GMT" time="56.543" errors="0">
  <testcase name="login" time="0.004" classname="tests.QaOnTime_Nd"/>
  <testcase name="dealCouldNotBeCreatedBecouseItWasMissingAPrice" time="22.803" classname="tests.DealTest"/>
  <testcase name="should_NOT_UpdateProfile_BecauseBadEmailFormat" time="20.457" classname="tests.ProfileTest"/>
  <testcase name="should_ToCreateADealOrElseThisWebsiteDoesNotWorkAlsoImTryingToMakeThisMethodNameAsLongAsPossibleButAnywayItsCalledMainFlow" time="0.0" classname="tests.DealTest">
    <ignored/>
  </testcase> <!-- should_ToCreateADealOrElseThisWebsiteDoesNotWorkAlsoImTryingToMakeThisMethodNameAsLongAsPossibleButAnywayItsCalledMainFlow -->
  <testcase name="failToLogin" time="0.0" classname="tests.QaOnTime_Nd">
    <ignored/>
  </testcase> <!-- failToLogin -->
  <testcase name="shouldLogOut" time="0.0" classname="tests.DealTest">
    <ignored/>
  </testcase> <!-- shouldLogOut -->
  <testcase name="createIssue" time="0.0" classname="tests.QaOnTime_Nd">
    <ignored/>
  </testcase> <!-- createIssue -->
  <testcase name="shouldConfirmTheDeal" time="0.0" classname="tests.DealTest">
    <ignored/>
  </testcase> <!-- shouldConfirmTheDeal -->
  <testcase name="ShouldBeAbleToDealAccept" time="0.0" classname="tests.DealTest">
    <ignored/>
  </testcase> <!-- ShouldBeAbleToDealAccept -->
  <testcase name="logout" time="0.0" classname="tests.QaOnTime_Nd">
    <ignored/>
  </testcase> <!-- logout -->
  <testcase name="deleteIssue" time="0.0" classname="tests.QaOnTime_Nd">
    <ignored/>
  </testcase> <!-- deleteIssue -->
  <testcase name="shouldCreateDealWithAnImg" time="0.0" classname="tests.DealTest">
    <ignored/>
  </testcase> <!-- shouldCreateDealWithAnImg -->
  <testcase name="shouldBeAlbeToPayForADeal" time="0.0" classname="tests.DealTest">
    <ignored/>
  </testcase> <!-- shouldBeAlbeToPayForADeal -->
  <testcase name="shouldUpdateProfile" time="0.0" classname="tests.ProfileTest">
    <ignored/>
  </testcase> <!-- shouldUpdateProfile -->
</testsuite> <!-- testngTest -->
